2024-11-09 14:09:59 [error]: unhandledRejection: relation "Servers" does not exist
Error
    at Query.run (D:\Projects\Private - GitHub\athena-nexus-react\node_modules\sequelize\lib\dialects\postgres\query.js:50:25)
    at D:\Projects\Private - GitHub\athena-nexus-react\node_modules\sequelize\lib\sequelize.js:315:28
    at process.processTicksAndRejections (node:internal/process/task_queues:95:5)
    at async PostgresQueryInterface.createTable (D:\Projects\Private - GitHub\athena-nexus-react\node_modules\sequelize\lib\dialects\abstract\query-interface.js:98:12)
    at async ServerMember.sync (D:\Projects\Private - GitHub\athena-nexus-react\node_modules\sequelize\lib\model.js:942:7)
    at async Sequelize.sync (D:\Projects\Private - GitHub\athena-nexus-react\node_modules\sequelize\lib\sequelize.js:377:9)
2024-11-09 14:11:28 [error]: unhandledRejection: relation "Servers" does not exist
Error
    at Query.run (D:\Projects\Private - GitHub\athena-nexus-react\node_modules\sequelize\lib\dialects\postgres\query.js:50:25)
    at D:\Projects\Private - GitHub\athena-nexus-react\node_modules\sequelize\lib\sequelize.js:315:28
    at process.processTicksAndRejections (node:internal/process/task_queues:95:5)
    at async PostgresQueryInterface.createTable (D:\Projects\Private - GitHub\athena-nexus-react\node_modules\sequelize\lib\dialects\abstract\query-interface.js:98:12)
    at async ServerMember.sync (D:\Projects\Private - GitHub\athena-nexus-react\node_modules\sequelize\lib\model.js:942:7)
    at async Sequelize.sync (D:\Projects\Private - GitHub\athena-nexus-react\node_modules\sequelize\lib\sequelize.js:377:9)
2024-11-09 16:26:11 [error]: unhandledRejection: logger is not defined
ReferenceError: logger is not defined
    at exports.getStatistics (D:\Projects\Private - GitHub\athena-nexus-react\backend\controllers\adminController.js:52:5)
    at process.processTicksAndRejections (node:internal/process/task_queues:95:5)
2024-11-09 17:52:40 [error]: unhandledRejection: column "discriminator" contains null values
Error
    at Query.run (D:\Projects\Private - GitHub\athena-nexus-react\node_modules\sequelize\lib\dialects\postgres\query.js:50:25)
    at D:\Projects\Private - GitHub\athena-nexus-react\node_modules\sequelize\lib\sequelize.js:315:28
    at process.processTicksAndRejections (node:internal/process/task_queues:95:5)
    at async PostgresQueryInterface.addColumn (D:\Projects\Private - GitHub\athena-nexus-react\node_modules\sequelize\lib\dialects\abstract\query-interface.js:184:12)
    at async User.sync (D:\Projects\Private - GitHub\athena-nexus-react\node_modules\sequelize\lib\model.js:958:11)
    at async Sequelize.sync (D:\Projects\Private - GitHub\athena-nexus-react\node_modules\sequelize\lib\sequelize.js:377:9)
2024-11-09 17:56:32 [error]: unhandledRejection: logger is not defined
ReferenceError: logger is not defined
    at Object.logging (D:\Projects\Private - GitHub\athena-nexus-react\backend\models\index.js:14:28)
    at Sequelize.log (D:\Projects\Private - GitHub\athena-nexus-react\node_modules\sequelize\lib\sequelize.js:552:15)
    at Query._logQuery (D:\Projects\Private - GitHub\athena-nexus-react\node_modules\sequelize\lib\dialects\abstract\query.js:268:22)
    at Query.run (D:\Projects\Private - GitHub\athena-nexus-react\node_modules\sequelize\lib\dialects\postgres\query.js:48:27)
    at D:\Projects\Private - GitHub\athena-nexus-react\node_modules\sequelize\lib\sequelize.js:315:28
    at process.processTicksAndRejections (node:internal/process/task_queues:95:5)
    at async PostgresQueryInterface.tableExists (D:\Projects\Private - GitHub\athena-nexus-react\node_modules\sequelize\lib\dialects\abstract\query-interface.js:102:17)
    at async Session.sync (D:\Projects\Private - GitHub\athena-nexus-react\node_modules\sequelize\lib\model.js:939:21)
